C:\Program Files\Microsoft Visual Studio\2022\Community\MSBuild\Microsoft\VC\v170\Microsoft.CppBuild.targets(517,5): warning MSB8028: El directorio intermedio (x64\Debug\) contiene archivos compartidos de otro proyecto (ferchus-informatica-grafica-a1.vcxproj, ferchus-informatica-grafica-a6-producto-cruz.vcxproj). Esto puede dar lugar a un comportamiento incorrecto de limpieza y recompilación.
  main.cpp
C:\Users\Universidad Amerike\Documents\GitHub\Ferchus\ferchus-informatica-grafica\ferchus-informatica-grafica-a8-luces\Cube.h(26): warning C4305: 'inicializando': truncamiento de 'double' a 'float'
C:\Users\Universidad Amerike\Documents\GitHub\Ferchus\ferchus-informatica-grafica\ferchus-informatica-grafica-a8-luces\main.cpp(18,24): warning C4305: 'inicializando': truncamiento de 'double' a 'float'
C:\Users\Universidad Amerike\Documents\GitHub\Ferchus\ferchus-informatica-grafica\ferchus-informatica-grafica-a8-luces\main.cpp(41,12): warning C4244: 'argumento': conversión de 'time_t' a 'unsigned int'; posible pérdida de datos
C:\Users\Universidad Amerike\Documents\GitHub\Ferchus\ferchus-informatica-grafica\ferchus-informatica-grafica-a8-luces\main.cpp(94,14): warning C4244: '=': conversión de 'int' a 'float'; posible pérdida de datos
C:\Users\Universidad Amerike\Documents\GitHub\Ferchus\ferchus-informatica-grafica\ferchus-informatica-grafica-a8-luces\main.cpp(116,14): warning C4244: 'inicializando': conversión de 'double' a 'float'; posible pérdida de datos
main.obj : error LNK2019: símbolo externo __imp_glutInitWindowSize sin resolver al que se hace referencia en la función main
main.obj : error LNK2019: símbolo externo __imp_glutInitDisplayMode sin resolver al que se hace referencia en la función main
main.obj : error LNK2019: símbolo externo __imp_glutMainLoop sin resolver al que se hace referencia en la función main
main.obj : error LNK2019: símbolo externo __imp_glutSwapBuffers sin resolver al que se hace referencia en la función "void __cdecl renderScene(void)" (?renderScene@@YAXXZ)
main.obj : error LNK2019: símbolo externo __imp_glutIdleFunc sin resolver al que se hace referencia en la función main
main.obj : error LNK2019: símbolo externo __imp_glutKeyboardFunc sin resolver al que se hace referencia en la función main
main.obj : error LNK2019: símbolo externo __imp_glutSpecialFunc sin resolver al que se hace referencia en la función main
main.obj : error LNK2019: símbolo externo __imp_glutReshapeFunc sin resolver al que se hace referencia en la función main
main.obj : error LNK2019: símbolo externo __imp_glutDisplayFunc sin resolver al que se hace referencia en la función main
main.obj : error LNK2019: símbolo externo __imp_glutSpecialUpFunc sin resolver al que se hace referencia en la función main
main.obj : error LNK2019: símbolo externo __imp_glutGet sin resolver al que se hace referencia en la función "void __cdecl renderScene(void)" (?renderScene@@YAXXZ)
main.obj : error LNK2019: símbolo externo __imp___glutInitWithExit sin resolver al que se hace referencia en la función glutInit_ATEXIT_HACK
main.obj : error LNK2019: símbolo externo __imp___glutCreateWindowWithExit sin resolver al que se hace referencia en la función glutCreateWindow_ATEXIT_HACK
C:\GL\freeglut\lib\freeglut.lib : warning LNK4272: el tipo de máquina de biblioteca 'x86' está en conflicto con el tipo de máquina de destino 'x64'
C:\Users\Universidad Amerike\Documents\GitHub\Ferchus\ferchus-informatica-grafica\ferchus-informatica-grafica-a8-luces\x64\Debug\ferchus-informatica-grafica-a7-producto-punto.exe : fatal error LNK1120: 13 externos sin resolver
